Traceback (most recent call last):
  File "C:\Users\atlur\AppData\Roaming\Python\Python39\site-packages\jupyter_cache\executors\utils.py", line 58, in single_nb_execution
    executenb(
  File "c:\python39\lib\site-packages\nbclient\client.py", line 1204, in execute
    return NotebookClient(nb=nb, resources=resources, km=km, **kwargs).execute()
  File "c:\python39\lib\site-packages\nbclient\util.py", line 84, in wrapped
    return just_run(coro(*args, **kwargs))
  File "c:\python39\lib\site-packages\nbclient\util.py", line 62, in just_run
    return loop.run_until_complete(coro)
  File "c:\python39\lib\asyncio\base_events.py", line 642, in run_until_complete
    return future.result()
  File "c:\python39\lib\site-packages\nbclient\client.py", line 663, in async_execute
    await self.async_execute_cell(
  File "c:\python39\lib\site-packages\nbclient\client.py", line 965, in async_execute_cell
    await self._check_raise_for_error(cell, cell_index, exec_reply)
  File "c:\python39\lib\site-packages\nbclient\client.py", line 862, in _check_raise_for_error
    raise CellExecutionError.from_cell_and_msg(cell, exec_reply_content)
nbclient.exceptions.CellExecutionError: An error occurred while executing the following cell:
------------------
import dagshub
dagshub.init(repo_owner='atluribhumika08',
             repo_name='Code_Defect_Detection_Project',
             mlflow=True)

import mlflow
with mlflow.start_run():
  mlflow.log_param('parameter name', 'value')
  mlflow.log_metric('metric name', 1)
------------------

[1;31m---------------------------------------------------------------------------[0m
[1;31mModuleNotFoundError[0m                       Traceback (most recent call last)
Input [1;32mIn [24][0m, in [0;36m<cell line: 1>[1;34m()[0m
[1;32m----> 1[0m [38;5;28;01mimport[39;00m [38;5;21;01mdagshub[39;00m
[0;32m      2[0m dagshub[38;5;241m.[39minit(repo_owner[38;5;241m=[39m[38;5;124m'[39m[38;5;124matluribhumika08[39m[38;5;124m'[39m,
[0;32m      3[0m              repo_name[38;5;241m=[39m[38;5;124m'[39m[38;5;124mCode_Defect_Detection_Project[39m[38;5;124m'[39m,
[0;32m      4[0m              mlflow[38;5;241m=[39m[38;5;28;01mTrue[39;00m)
[0;32m      6[0m [38;5;28;01mimport[39;00m [38;5;21;01mmlflow[39;00m

[1;31mModuleNotFoundError[0m: No module named 'dagshub'
ModuleNotFoundError: No module named 'dagshub'

